2019-12-26T04:28:56+00:00 CRITICAL Uncaught Error: Call to undefined function get_vd() in /var/www/dimtepla.com/wp-content/themes/dimtepla/index.php:53
Stack trace:
#0 /var/www/dimtepla.com/wp-includes/template-loader.php(98): include()
#1 /var/www/dimtepla.com/wp-blog-header.php(19): require_once('/var/www/dimtep...')
#2 /var/www/dimtepla.com/index.php(17): require('/var/www/dimtep...')
#3 {main}

Next Exception: Call to undefined function get_vd() in /var/www/dimtepla.com/wp-content/plugins/query-monitor/collectors/php_errors.php:82
Stack trace:
#0 [internal function]: QM_Collector_PHP_Errors->exception_handler(Object(Error))
#1 {main}
  thrown в /var/www/dimtepla.com/wp-content/plugins/query-monitor/collectors/php_errors.php на строке 82

2019-12-26T06:01:09+00:00 CRITICAL Uncaught Error: Class 'WC_API_Products' not found in /var/www/dimtepla.com/wp-content/themes/dimtepla/index.php:53
Stack trace:
#0 /var/www/dimtepla.com/wp-includes/template-loader.php(98): include()
#1 /var/www/dimtepla.com/wp-blog-header.php(19): require_once('/var/www/dimtep...')
#2 /var/www/dimtepla.com/index.php(17): require('/var/www/dimtep...')
#3 {main}

Next Exception: Class 'WC_API_Products' not found in /var/www/dimtepla.com/wp-content/plugins/query-monitor/collectors/php_errors.php:82
Stack trace:
#0 [internal function]: QM_Collector_PHP_Errors->exception_handler(Object(Error))
#1 {main}
  thrown в /var/www/dimtepla.com/wp-content/plugins/query-monitor/collectors/php_errors.php на строке 82

2019-12-26T06:01:53+00:00 CRITICAL Uncaught Error: Class 'WC_API_Products' not found in /var/www/dimtepla.com/wp-content/themes/dimtepla/index.php:53
Stack trace:
#0 /var/www/dimtepla.com/wp-includes/template-loader.php(98): include()
#1 /var/www/dimtepla.com/wp-blog-header.php(19): require_once('/var/www/dimtep...')
#2 /var/www/dimtepla.com/index.php(17): require('/var/www/dimtep...')
#3 {main}

Next Exception: Class 'WC_API_Products' not found in /var/www/dimtepla.com/wp-content/plugins/query-monitor/collectors/php_errors.php:82
Stack trace:
#0 [internal function]: QM_Collector_PHP_Errors->exception_handler(Object(Error))
#1 {main}
  thrown в /var/www/dimtepla.com/wp-content/plugins/query-monitor/collectors/php_errors.php на строке 82

2019-12-26T07:33:44+00:00 CRITICAL Uncaught Error: Class 'WC_API_Products' not found in /var/www/dimtepla.com/wp-content/themes/dimtepla/index.php:53
Stack trace:
#0 /var/www/dimtepla.com/wp-includes/template-loader.php(98): include()
#1 /var/www/dimtepla.com/wp-blog-header.php(19): require_once('/var/www/dimtep...')
#2 /var/www/dimtepla.com/index.php(17): require('/var/www/dimtep...')
#3 {main}

Next Exception: Class 'WC_API_Products' not found in /var/www/dimtepla.com/wp-content/plugins/query-monitor/collectors/php_errors.php:82
Stack trace:
#0 [internal function]: QM_Collector_PHP_Errors->exception_handler(Object(Error))
#1 {main}
  thrown в /var/www/dimtepla.com/wp-content/plugins/query-monitor/collectors/php_errors.php на строке 82

2019-12-26T23:25:35+00:00 CRITICAL Uncaught Error: Call to a member function fetch_all() on array in /var/www/dimtepla.com/wp-content/themes/dimtepla/index.php:56
Stack trace:
#0 /var/www/dimtepla.com/wp-includes/template-loader.php(98): include()
#1 /var/www/dimtepla.com/wp-blog-header.php(19): require_once('/var/www/dimtep...')
#2 /var/www/dimtepla.com/index.php(17): require('/var/www/dimtep...')
#3 {main}

Next Exception: Call to a member function fetch_all() on array in /var/www/dimtepla.com/wp-content/plugins/query-monitor/collectors/php_errors.php:82
Stack trace:
#0 [internal function]: QM_Collector_PHP_Errors->exception_handler(Object(Error))
#1 {main}
  thrown в /var/www/dimtepla.com/wp-content/plugins/query-monitor/collectors/php_errors.php на строке 82

2019-12-26T23:28:59+00:00 CRITICAL Uncaught Error: Call to a member function fetch() on array in /var/www/dimtepla.com/wp-content/themes/dimtepla/index.php:56
Stack trace:
#0 /var/www/dimtepla.com/wp-includes/template-loader.php(98): include()
#1 /var/www/dimtepla.com/wp-blog-header.php(19): require_once('/var/www/dimtep...')
#2 /var/www/dimtepla.com/index.php(17): require('/var/www/dimtep...')
#3 {main}

Next Exception: Call to a member function fetch() on array in /var/www/dimtepla.com/wp-content/plugins/query-monitor/collectors/php_errors.php:82
Stack trace:
#0 [internal function]: QM_Collector_PHP_Errors->exception_handler(Object(Error))
#1 {main}
  thrown в /var/www/dimtepla.com/wp-content/plugins/query-monitor/collectors/php_errors.php на строке 82

2019-12-26T23:29:51+00:00 CRITICAL Uncaught Error: Call to a member function fetchAll() on array in /var/www/dimtepla.com/wp-content/themes/dimtepla/index.php:56
Stack trace:
#0 /var/www/dimtepla.com/wp-includes/template-loader.php(98): include()
#1 /var/www/dimtepla.com/wp-blog-header.php(19): require_once('/var/www/dimtep...')
#2 /var/www/dimtepla.com/index.php(17): require('/var/www/dimtep...')
#3 {main}

Next Exception: Call to a member function fetchAll() on array in /var/www/dimtepla.com/wp-content/plugins/query-monitor/collectors/php_errors.php:82
Stack trace:
#0 [internal function]: QM_Collector_PHP_Errors->exception_handler(Object(Error))
#1 {main}
  thrown в /var/www/dimtepla.com/wp-content/plugins/query-monitor/collectors/php_errors.php на строке 82

2019-12-26T23:30:59+00:00 CRITICAL Uncaught Error: Call to a member function fetchAll() on array in /var/www/dimtepla.com/wp-content/themes/dimtepla/index.php:56
Stack trace:
#0 /var/www/dimtepla.com/wp-includes/template-loader.php(98): include()
#1 /var/www/dimtepla.com/wp-blog-header.php(19): require_once('/var/www/dimtep...')
#2 /var/www/dimtepla.com/index.php(17): require('/var/www/dimtep...')
#3 {main}

Next Exception: Call to a member function fetchAll() on array in /var/www/dimtepla.com/wp-content/plugins/query-monitor/collectors/php_errors.php:82
Stack trace:
#0 [internal function]: QM_Collector_PHP_Errors->exception_handler(Object(Error))
#1 {main}
  thrown в /var/www/dimtepla.com/wp-content/plugins/query-monitor/collectors/php_errors.php на строке 82

2019-12-26T23:31:00+00:00 CRITICAL Uncaught Error: Call to a member function fetchAll() on array in /var/www/dimtepla.com/wp-content/themes/dimtepla/index.php:56
Stack trace:
#0 /var/www/dimtepla.com/wp-includes/template-loader.php(98): include()
#1 /var/www/dimtepla.com/wp-blog-header.php(19): require_once('/var/www/dimtep...')
#2 /var/www/dimtepla.com/index.php(17): require('/var/www/dimtep...')
#3 {main}

Next Exception: Call to a member function fetchAll() on array in /var/www/dimtepla.com/wp-content/plugins/query-monitor/collectors/php_errors.php:82
Stack trace:
#0 [internal function]: QM_Collector_PHP_Errors->exception_handler(Object(Error))
#1 {main}
  thrown в /var/www/dimtepla.com/wp-content/plugins/query-monitor/collectors/php_errors.php на строке 82

2019-12-26T23:31:03+00:00 CRITICAL Uncaught Error: Call to a member function fetchAll() on array in /var/www/dimtepla.com/wp-content/themes/dimtepla/index.php:56
Stack trace:
#0 /var/www/dimtepla.com/wp-includes/template-loader.php(98): include()
#1 /var/www/dimtepla.com/wp-blog-header.php(19): require_once('/var/www/dimtep...')
#2 /var/www/dimtepla.com/index.php(17): require('/var/www/dimtep...')
#3 {main}

Next Exception: Call to a member function fetchAll() on array in /var/www/dimtepla.com/wp-content/plugins/query-monitor/collectors/php_errors.php:82
Stack trace:
#0 [internal function]: QM_Collector_PHP_Errors->exception_handler(Object(Error))
#1 {main}
  thrown в /var/www/dimtepla.com/wp-content/plugins/query-monitor/collectors/php_errors.php на строке 82

